<?xml version="1.0" encoding="utf-8"?><testsuites><testsuite name="pytest" errors="0" failures="0" skipped="0" tests="1" time="0.679" timestamp="2021-06-23T15:40:45.585472" hostname="Adams-MBP-2.home"><testcase classname="mne_connectivity.tests.test_envelope" name="test_envelope_correlation" time="0.005" /></testsuite></testsuites>